BlueTooth_nRFUART_Android4.3/app/build/outputs/logs/manifest-merger-debug-report.txt
-- Merging decision tree log ---
manifest
ADDED from src/main/AndroidManifest.xml:17:1-92:12
	package
		ADDED from src/main/AndroidManifest.xml:18:5-39
		INJECTED from src/main/AndroidManifest.xml
		INJECTED from src/main/AndroidManifest.xml
	android:versionName
		ADDED from src/main/AndroidManifest.xml:20:5-32
		INJECTED from src/main/AndroidManifest.xml
		INJECTED from src/main/AndroidManifest.xml
	android:versionCode
		ADDED from src/main/AndroidManifest.xml:19:5-29
		INJECTED from src/main/AndroidManifest.xml
		INJECTED from src/main/AndroidManifest.xml
	xmlns:android
		ADDED from src/main/AndroidManifest.xml:17:11-69
uses-sdk
ADDED from src/main/AndroidManifest.xml:22:5-74
	android:targetSdkVersion
		ADDED from src/main/AndroidManifest.xml:22:42-71
		INJECTED from src/main/AndroidManifest.xml
		INJECTED from src/main/AndroidManifest.xml
	android:minSdkVersion
		ADDED from src/main/AndroidManifest.xml:22:15-41
		INJECTED from src/main/AndroidManifest.xml
		INJECTED from src/main/AndroidManifest.xml
uses-permission#android.permission.BLUETOOTH
ADDED from src/main/AndroidManifest.xml:24:5-68
	android:name
		ADDED from src/main/AndroidManifest.xml:24:22-65
uses-permission#android.permission.BLUETOOTH_ADMIN
ADDED from src/main/AndroidManifest.xml:25:5-74
	android:name
		ADDED from src/main/AndroidManifest.xml:25:22-71
uses-permission#android.permission.READ_PHONE_STATE
ADDED from src/main/AndroidManifest.xml:27:2-71
	android:name
		ADDED from src/main/AndroidManifest.xml:27:19-69
uses-permission#android.permission.RECEIVE_BOOT_COMPLETED
ADDED from src/main/AndroidManifest.xml:28:2-77
	android:name
		ADDED from src/main/AndroidManifest.xml:28:19-75
uses-permission#android.permission.PROCESS_OUTGOING_CALLS
ADDED from src/main/AndroidManifest.xml:29:5-80
	android:name
		ADDED from src/main/AndroidManifest.xml:29:22-78
uses-permission#android.permission.RECEIVE_SMS
ADDED from src/main/AndroidManifest.xml:31:5-69
	android:name
		ADDED from src/main/AndroidManifest.xml:31:22-67
uses-permission#android.permission.SEND_SMS
ADDED from src/main/AndroidManifest.xml:32:5-83
	android:name
		ADDED from src/main/AndroidManifest.xml:32:22-64
application
ADDED from src/main/AndroidManifest.xml:34:5-90:19
	android:label
		ADDED from src/main/AndroidManifest.xml:35:9-41
	android:icon
		ADDED from src/main/AndroidManifest.xml:37:9-43
	android:theme
		ADDED from src/main/AndroidManifest.xml:36:9-56
activity#com.nordicsemi.User.AppStart
ADDED from src/main/AndroidManifest.xml:39:9-48:20
	android:label
		ADDED from src/main/AndroidManifest.xml:41:13-45
	android:windowSoftInputMode
		ADDED from src/main/AndroidManifest.xml:42:13-54
	android:configChanges
		ADDED from src/main/AndroidManifest.xml:43:13-74
	android:name
		ADDED from src/main/AndroidManifest.xml:40:13-56
intent-filter#android.intent.action.MAIN+android.intent.category.LAUNCHER
ADDED from src/main/AndroidManifest.xml:44:13-47:29
action#android.intent.action.MAIN
ADDED from src/main/AndroidManifest.xml:45:17-69
	android:name
		ADDED from src/main/AndroidManifest.xml:45:25-66
category#android.intent.category.LAUNCHER
ADDED from src/main/AndroidManifest.xml:46:17-77
	android:name
		ADDED from src/main/AndroidManifest.xml:46:27-74
activity#com.nordicsemi.nrfUARTv2.BleActivity
ADDED from src/main/AndroidManifest.xml:51:9-53:111
	android:label
		ADDED from src/main/AndroidManifest.xml:53:76-108
	android:windowSoftInputMode
		ADDED from src/main/AndroidManifest.xml:52:13-54
	android:configChanges
		ADDED from src/main/AndroidManifest.xml:53:13-74
	android:name
		ADDED from src/main/AndroidManifest.xml:51:19-70
activity#com.nordicsemi.nrfUARTv2.DeviceListActivity
ADDED from src/main/AndroidManifest.xml:54:9-55:93
	android:label
		ADDED from src/main/AndroidManifest.xml:55:58-90
	android:theme
		ADDED from src/main/AndroidManifest.xml:55:13-56
	android:name
		ADDED from src/main/AndroidManifest.xml:54:19-77
activity#com.nordicsemi.User.StartLogoActivity
ADDED from src/main/AndroidManifest.xml:56:8-72
	android:name
		ADDED from src/main/AndroidManifest.xml:56:18-70
activity#com.nordicsemi.User.StartInfoActivity
ADDED from src/main/AndroidManifest.xml:57:9-73
	android:name
		ADDED from src/main/AndroidManifest.xml:57:19-71
activity#com.nordicsemi.User.HowHighActivity
ADDED from src/main/AndroidManifest.xml:58:9-71
	android:name
		ADDED from src/main/AndroidManifest.xml:58:19-69
activity#com.nordicsemi.User.WhatYourSexActivity
ADDED from src/main/AndroidManifest.xml:59:9-75
	android:name
		ADDED from src/main/AndroidManifest.xml:59:19-73
activity#com.nordicsemi.User.WhatYourWeight
ADDED from src/main/AndroidManifest.xml:60:9-70
	android:name
		ADDED from src/main/AndroidManifest.xml:60:19-68
activity#com.nordicsemi.User.LoginActivity
ADDED from src/main/AndroidManifest.xml:61:9-69
	android:name
		ADDED from src/main/AndroidManifest.xml:61:19-67
activity#com.nordicsemi.User.WhatYourBirthday
ADDED from src/main/AndroidManifest.xml:62:9-72
	android:name
		ADDED from src/main/AndroidManifest.xml:62:19-70
activity#com.nordicsemi.User.Whatsnew
ADDED from src/main/AndroidManifest.xml:63:9-64
	android:name
		ADDED from src/main/AndroidManifest.xml:63:19-62
activity#com.nordicsemi.User.UserRegistActivity
ADDED from src/main/AndroidManifest.xml:64:9-74
	android:name
		ADDED from src/main/AndroidManifest.xml:64:19-72
activity#com.nordicsemi.User.MainUserUI
ADDED from src/main/AndroidManifest.xml:66:9-66
	android:name
		ADDED from src/main/AndroidManifest.xml:66:19-64
activity#com.nordicsemi.User.MainTopRightDialog
ADDED from src/main/AndroidManifest.xml:67:9-74
	android:name
		ADDED from src/main/AndroidManifest.xml:67:19-72
activity#com.nordicsemi.User.ExitFromSettings
ADDED from src/main/AndroidManifest.xml:68:9-72
	android:name
		ADDED from src/main/AndroidManifest.xml:68:19-70
receiver#com.nordicsemi.Myfiles.PhoneStatReceiver
ADDED from src/main/AndroidManifest.xml:73:3-78:14
	android:name
		ADDED from src/main/AndroidManifest.xml:73:13-68
intent-filter#android.intent.action.NEW_OUTGOING_CALL+android.intent.action.PHONE_STATE
ADDED from src/main/AndroidManifest.xml:74:13-77:29
action#android.intent.action.PHONE_STATE
ADDED from src/main/AndroidManifest.xml:75:18-76
	android:name
		ADDED from src/main/AndroidManifest.xml:75:26-74
action#android.intent.action.NEW_OUTGOING_CALL
ADDED from src/main/AndroidManifest.xml:76:18-83
	android:name
		ADDED from src/main/AndroidManifest.xml:76:26-80
receiver#com.nordicsemi.Myfiles.SmsReceiverToast
ADDED from src/main/AndroidManifest.xml:80:3-85:16
	android:name
		ADDED from src/main/AndroidManifest.xml:80:13-67
intent-filter#android.provider.Telephony.SMS_RECEIVED
ADDED from src/main/AndroidManifest.xml:82:4-84:20
action#android.provider.Telephony.SMS_RECEIVED
ADDED from src/main/AndroidManifest.xml:83:6-71
	android:name
		ADDED from src/main/AndroidManifest.xml:83:14-68
service#com.nordicsemi.nrfUARTv2.UartService
ADDED from src/main/AndroidManifest.xml:88:9-95
	android:enabled
		ADDED from src/main/AndroidManifest.xml:88:18-40
	android:name
		ADDED from src/main/AndroidManifest.xml:88:41-92